Added Component: Designator=C1(C 0805 INSTEK)
Added Component: Designator=C2(C 0805 INSTEK)
Added Component: Designator=C3(C 0805 INSTEK)
Added Component: Designator=C4(C 0805 INSTEK)
Added Component: Designator=C5(C 0805 INSTEK)
Added Component: Designator=C6(C 0805 INSTEK)
Added Component: Designator=C7(C 0805 INSTEK)
Added Component: Designator=C8(C 0805 INSTEK)
Added Component: Designator=C9(C 0805 INSTEK)
Added Component: Designator=C10(C 0805 INSTEK)
Added Component: Designator=C11(C 0805 INSTEK)
Added Component: Designator=C12(C 0805 INSTEK)
Added Component: Designator=JP1(CAPBLE 20)
Added Component: Designator=LED1(SM-LED-0805-Blue)
Added Component: Designator=LED2(SM-LED-0805-Blue)
Added Component: Designator=P1(HD 4H)
Added Component: Designator=P2(USB B)
Added Component: Designator=P3(HD 4H)
Added Component: Designator=R1(SM-RES-0805)
Added Component: Designator=R2(SM-RES-0805)
Added Component: Designator=R3(SM-RES-0805)
Added Component: Designator=R4(SM-RES-0805)
Added Component: Designator=R5(SM-RES-0805)
Added Component: Designator=R6(SM-RES-0805)
Added Component: Designator=R7(SM-RES-0805)
Added Component: Designator=R8(SM-RES-0805)
Added Component: Designator=R9(SM-RES-0805)
Added Component: Designator=R10(SM-RES-0805)
Added Component: Designator=R11(SM-RES-0805)
Added Component: Designator=R12(SM-RES-0805)
Added Component: Designator=R13(SM-RES-0805)
Added Component: Designator=R14(SM-RES-0805)
Added Component: Designator=R15(SM-RES-0805)
Added Component: Designator=R16(SM-RES-0805)
Added Component: Designator=R17(SM-RES-0805)
Added Component: Designator=R18(SM-RES-0805)
Added Component: Designator=U1(SOT 223)
Added Component: Designator=U2(STM32_LQPF48)
Added Component: Designator=X1(XT2)
Added Pin To Net: NetName=5V Pin=C1-1
Added Pin To Net: NetName=5V Pin=C2-1
Added Pin To Net: NetName=5V Pin=JP1-19
Added Pin To Net: NetName=5V Pin=P2-1
Added Pin To Net: NetName=5V Pin=U1-3
Added Net: Name=5V
Added Pin To Net: NetName=GND Pin=C1-2
Added Pin To Net: NetName=GND Pin=C2-2
Added Pin To Net: NetName=GND Pin=C3-2
Added Pin To Net: NetName=GND Pin=C4-2
Added Pin To Net: NetName=GND Pin=C5-2
Added Pin To Net: NetName=GND Pin=C6-1
Added Pin To Net: NetName=GND Pin=C7-1
Added Pin To Net: NetName=GND Pin=C8-1
Added Pin To Net: NetName=GND Pin=C9-1
Added Pin To Net: NetName=GND Pin=C11-1
Added Pin To Net: NetName=GND Pin=C12-1
Added Pin To Net: NetName=GND Pin=LED1-2
Added Pin To Net: NetName=GND Pin=P1-3
Added Pin To Net: NetName=GND Pin=P2-4
Added Pin To Net: NetName=GND Pin=P2-4
Added Pin To Net: NetName=GND Pin=P2-4
Added Pin To Net: NetName=GND Pin=P3-2
Added Pin To Net: NetName=GND Pin=U1-1
Added Pin To Net: NetName=GND Pin=U2-8
Added Pin To Net: NetName=GND Pin=U2-35
Added Pin To Net: NetName=GND Pin=U2-47
Added Net: Name=GND
Added Pin To Net: NetName=INT Pin=R11-1
Added Pin To Net: NetName=INT Pin=U2-30
Added Net: Name=INT
Added Pin To Net: NetName=LED Pin=LED2-2
Added Pin To Net: NetName=LED Pin=U2-25
Added Net: Name=LED
Added Pin To Net: NetName=NetC9_2 Pin=C9-2
Added Pin To Net: NetName=NetC9_2 Pin=R18-1
Added Pin To Net: NetName=NetC9_2 Pin=U2-7
Added Net: Name=NetC9_2
Added Pin To Net: NetName=NetC10_1 Pin=C10-1
Added Pin To Net: NetName=NetC10_1 Pin=U2-23
Added Net: Name=NetC10_1
Added Pin To Net: NetName=NetJP1_4 Pin=JP1-4
Added Pin To Net: NetName=NetJP1_4 Pin=JP1-6
Added Pin To Net: NetName=NetJP1_4 Pin=JP1-8
Added Pin To Net: NetName=NetJP1_4 Pin=JP1-10
Added Pin To Net: NetName=NetJP1_4 Pin=JP1-12
Added Pin To Net: NetName=NetJP1_4 Pin=JP1-14
Added Pin To Net: NetName=NetJP1_4 Pin=JP1-16
Added Pin To Net: NetName=NetJP1_4 Pin=JP1-18
Added Pin To Net: NetName=NetJP1_4 Pin=JP1-20
Added Net: Name=NetJP1_4
Added Pin To Net: NetName=NetJP1_11 Pin=JP1-11
Added Pin To Net: NetName=NetJP1_11 Pin=R13-1
Added Net: Name=NetJP1_11
Added Pin To Net: NetName=NetJP1_13 Pin=JP1-13
Added Pin To Net: NetName=NetJP1_13 Pin=R12-1
Added Net: Name=NetJP1_13
Added Pin To Net: NetName=NetLED1_1 Pin=LED1-1
Added Pin To Net: NetName=NetLED1_1 Pin=R4-2
Added Net: Name=NetLED1_1
Added Pin To Net: NetName=NetLED2_1 Pin=LED2-1
Added Pin To Net: NetName=NetLED2_1 Pin=R8-1
Added Net: Name=NetLED2_1
Added Pin To Net: NetName=NetP1_1 Pin=P1-1
Added Pin To Net: NetName=NetP1_1 Pin=U2-37
Added Net: Name=NetP1_1
Added Pin To Net: NetName=NetP1_2 Pin=P1-2
Added Pin To Net: NetName=NetP1_2 Pin=U2-34
Added Net: Name=NetP1_2
Added Pin To Net: NetName=NetP2_2 Pin=P2-2
Added Pin To Net: NetName=NetP2_2 Pin=R9-1
Added Net: Name=NetP2_2
Added Pin To Net: NetName=NetP2_3 Pin=P2-3
Added Pin To Net: NetName=NetP2_3 Pin=R10-1
Added Pin To Net: NetName=NetP2_3 Pin=R11-2
Added Net: Name=NetP2_3
Added Pin To Net: NetName=OSC0 Pin=C12-2
Added Pin To Net: NetName=OSC0 Pin=U2-6
Added Pin To Net: NetName=OSC0 Pin=X1-2
Added Net: Name=OSC0
Added Pin To Net: NetName=OSC1 Pin=C11-2
Added Pin To Net: NetName=OSC1 Pin=U2-5
Added Pin To Net: NetName=OSC1 Pin=X1-1
Added Net: Name=OSC1
Added Pin To Net: NetName=TCKIN Pin=P3-3
Added Pin To Net: NetName=TCKIN Pin=R5-1
Added Pin To Net: NetName=TCKIN Pin=U2-13
Added Net: Name=TCKIN
Added Pin To Net: NetName=TCKOUT Pin=JP1-9
Added Pin To Net: NetName=TCKOUT Pin=R5-2
Added Pin To Net: NetName=TCKOUT Pin=R14-1
Added Pin To Net: NetName=TCKOUT Pin=U2-15
Added Pin To Net: NetName=TCKOUT Pin=U2-26
Added Net: Name=TCKOUT
Added Pin To Net: NetName=TDIIN Pin=R2-1
Added Pin To Net: NetName=TDIIN Pin=U2-18
Added Net: Name=TDIIN
Added Pin To Net: NetName=TDIOUT Pin=JP1-5
Added Pin To Net: NetName=TDIOUT Pin=R2-2
Added Pin To Net: NetName=TDIOUT Pin=R16-1
Added Pin To Net: NetName=TDIOUT Pin=U2-27
Added Net: Name=TDIOUT
Added Pin To Net: NetName=TDOIN Pin=R7-1
Added Pin To Net: NetName=TDOIN Pin=U2-16
Added Pin To Net: NetName=TDOIN Pin=U2-28
Added Pin To Net: NetName=TDOIN Pin=U2-31
Added Net: Name=TDOIN
Added Pin To Net: NetName=TMSIN Pin=P3-4
Added Pin To Net: NetName=TMSIN Pin=R3-1
Added Pin To Net: NetName=TMSIN Pin=U2-14
Added Net: Name=TMSIN
Added Pin To Net: NetName=TMSOUT Pin=JP1-7
Added Pin To Net: NetName=TMSOUT Pin=R3-2
Added Pin To Net: NetName=TMSOUT Pin=R15-1
Added Pin To Net: NetName=TMSOUT Pin=U2-17
Added Net: Name=TMSOUT
Added Pin To Net: NetName=TRESIN Pin=R6-1
Added Pin To Net: NetName=TRESIN Pin=U2-12
Added Net: Name=TRESIN
Added Pin To Net: NetName=TRESOUT Pin=JP1-15
Added Pin To Net: NetName=TRESOUT Pin=R6-2
Added Pin To Net: NetName=TRESOUT Pin=U2-11
Added Net: Name=TRESOUT
Added Pin To Net: NetName=TRSTIN Pin=R1-1
Added Pin To Net: NetName=TRSTIN Pin=U2-19
Added Net: Name=TRSTIN
Added Pin To Net: NetName=TRSTOUT Pin=JP1-3
Added Pin To Net: NetName=TRSTOUT Pin=R1-2
Added Pin To Net: NetName=TRSTOUT Pin=R17-1
Added Pin To Net: NetName=TRSTOUT Pin=U2-10
Added Net: Name=TRSTOUT
Added Pin To Net: NetName=USB+ Pin=C7-2
Added Pin To Net: NetName=USB+ Pin=R10-2
Added Pin To Net: NetName=USB+ Pin=U2-33
Added Net: Name=USB+
Added Pin To Net: NetName=USB- Pin=C6-2
Added Pin To Net: NetName=USB- Pin=R9-2
Added Pin To Net: NetName=USB- Pin=U2-32
Added Net: Name=USB-
Added Pin To Net: NetName=VCC Pin=C3-1
Added Pin To Net: NetName=VCC Pin=C4-1
Added Pin To Net: NetName=VCC Pin=C5-1
Added Pin To Net: NetName=VCC Pin=C8-2
Added Pin To Net: NetName=VCC Pin=C10-2
Added Pin To Net: NetName=VCC Pin=JP1-1
Added Pin To Net: NetName=VCC Pin=P1-4
Added Pin To Net: NetName=VCC Pin=P3-1
Added Pin To Net: NetName=VCC Pin=R4-1
Added Pin To Net: NetName=VCC Pin=R7-2
Added Pin To Net: NetName=VCC Pin=R8-2
Added Pin To Net: NetName=VCC Pin=R12-2
Added Pin To Net: NetName=VCC Pin=R13-2
Added Pin To Net: NetName=VCC Pin=R14-2
Added Pin To Net: NetName=VCC Pin=R15-2
Added Pin To Net: NetName=VCC Pin=R16-2
Added Pin To Net: NetName=VCC Pin=R17-2
Added Pin To Net: NetName=VCC Pin=R18-2
Added Pin To Net: NetName=VCC Pin=U1-2
Added Pin To Net: NetName=VCC Pin=U2-9
Added Pin To Net: NetName=VCC Pin=U2-24
Added Pin To Net: NetName=VCC Pin=U2-36
Added Pin To Net: NetName=VCC Pin=U2-48
Added Net: Name=VCC
Added Class: Name=J-Link OB
Added Room: Name=J-Link OB
