Added Component: Designator=C1(C 0805)
Add component. Clean all parameters for all variants
Add component (AddParameter): Name = "Value"; Value = "0.1"; VariantName = "[No Variations]"
Added Component: Designator=C2(C 0805)
Add component. Clean all parameters for all variants
Add component (AddParameter): Name = "Value"; Value = "0.1"; VariantName = "[No Variations]"
Added Component: Designator=C3(C 0805)
Add component. Clean all parameters for all variants
Add component (AddParameter): Name = "Value"; Value = "0.1"; VariantName = "[No Variations]"
Added Component: Designator=C4(C 0805)
Add component. Clean all parameters for all variants
Add component (AddParameter): Name = "Value"; Value = "0.1"; VariantName = "[No Variations]"
Added Component: Designator=C5(C 0805)
Add component. Clean all parameters for all variants
Add component (AddParameter): Name = "Value"; Value = "0.1"; VariantName = "[No Variations]"
Added Component: Designator=C6(C 0805)
Add component. Clean all parameters for all variants
Add component (AddParameter): Name = "Value"; Value = "0.1"; VariantName = "[No Variations]"
Added Component: Designator=C7(C 0805)
Add component. Clean all parameters for all variants
Add component (AddParameter): Name = "Value"; Value = "0.1"; VariantName = "[No Variations]"
Added Component: Designator=C9(C 0805)
Add component. Clean all parameters for all variants
Add component (AddParameter): Name = "Value"; Value = "0.1"; VariantName = "[No Variations]"
Added Component: Designator=C10(C 0805 INSTEK)
Add component. Clean all parameters for all variants
Add component (AddParameter): Name = "Value"; Value = "0.1"; VariantName = "[No Variations]"
Added Component: Designator=C11(C 0805)
Add component. Clean all parameters for all variants
Add component (AddParameter): Name = "Value"; Value = "0.1"; VariantName = "[No Variations]"
Added Component: Designator=LED1(SM-LED-0805-Blue)
Add component. Clean all parameters for all variants
Added Component: Designator=LED2(SM-LED-0805-Blue)
Add component. Clean all parameters for all variants
Added Component: Designator=R1(SM-RES-0805)
Add component. Clean all parameters for all variants
Added Component: Designator=R2(SM-RES-0805)
Add component. Clean all parameters for all variants
Added Component: Designator=R3(SM-RES-0805)
Add component. Clean all parameters for all variants
Added Component: Designator=R4(SM-RES-0805)
Add component. Clean all parameters for all variants
Added Component: Designator=R5(SM-RES-0805)
Add component. Clean all parameters for all variants
Added Component: Designator=R6(SM-RES-0805)
Add component. Clean all parameters for all variants
Added Component: Designator=R7(SM-RES-0805)
Add component. Clean all parameters for all variants
Added Component: Designator=R9(SM-RES-0805)
Add component. Clean all parameters for all variants
Added Component: Designator=R10(SM-RES-0805)
Add component. Clean all parameters for all variants
Added Component: Designator=R11(SM-RES-0805)
Add component. Clean all parameters for all variants
Added Component: Designator=U1(SOT 223)
Add component. Clean all parameters for all variants
Added Pin To Net: NetName=5V Pin=C1-1
Added Pin To Net: NetName=GND Pin=C1-2
Added Pin To Net: NetName=5V Pin=C2-1
Added Pin To Net: NetName=GND Pin=C2-2
Added Pin To Net: NetName=VCC Pin=C3-1
Added Pin To Net: NetName=GND Pin=C3-2
Added Pin To Net: NetName=VCC Pin=C4-1
Added Pin To Net: NetName=GND Pin=C4-2
Added Pin To Net: NetName=GND Pin=C5-1
Added Pin To Net: NetName=UD- Pin=C5-2
Added Pin To Net: NetName=GND Pin=C6-1
Added Pin To Net: NetName=UD+ Pin=C6-2
Added Pin To Net: NetName=VCC Pin=C7-1
Added Pin To Net: NetName=GND Pin=C7-2
Added Pin To Net: NetName=GND Pin=C9-1
Added Pin To Net: NetName=VCC Pin=C9-2
Added Pin To Net: NetName=GND Pin=C10-1
Added Pin To Net: NetName=NetC10_2 Pin=C10-2
Added Pin To Net: NetName=NetC11_1 Pin=C11-1
Added Pin To Net: NetName=VCC Pin=C11-2
Added Pin To Net: NetName=NetLED1_1 Pin=LED1-1
Added Pin To Net: NetName=GND Pin=LED1-2
Added Pin To Net: NetName=NetLED2_1 Pin=LED2-1
Added Pin To Net: NetName=LED Pin=LED2-2
Added Pin To Net: NetName=TRST I Pin=R1-1
Added Pin To Net: NetName=TRST O Pin=R1-2
Added Pin To Net: NetName=TDI I Pin=R2-1
Added Pin To Net: NetName=TDI O Pin=R2-2
Added Pin To Net: NetName=TMS I Pin=R3-1
Added Pin To Net: NetName=TMS O Pin=R3-2
Added Pin To Net: NetName=VCC Pin=R4-1
Added Pin To Net: NetName=NetLED1_1 Pin=R4-2
Added Pin To Net: NetName=TCK I Pin=R5-1
Added Pin To Net: NetName=TCK O Pin=R5-2
Added Pin To Net: NetName=TRES I Pin=R6-1
Added Pin To Net: NetName=TRES O Pin=R6-2
Added Pin To Net: NetName=NetJ1_2 Pin=R7-1
Added Pin To Net: NetName=UD- Pin=R7-2
Added Pin To Net: NetName=UD+UP Pin=R9-1
Added Pin To Net: NetName=NetJ1_3 Pin=R9-2
Added Pin To Net: NetName=NetC10_2 Pin=R10-1
Added Pin To Net: NetName=VCC Pin=R10-2
Added Pin To Net: NetName=NetLED2_1 Pin=R11-1
Added Pin To Net: NetName=VCC Pin=R11-2
Added Pin To Net: NetName=GND Pin=U1-1
Added Pin To Net: NetName=VCC Pin=U1-2
Added Pin To Net: NetName=5V Pin=U1-3
Added Member To Class: ClassName=J-Link OB Member=Component C1 CAP
Added Member To Class: ClassName=J-Link OB Member=Component C2 CAP
Added Member To Class: ClassName=J-Link OB Member=Component C3 CAP
Added Member To Class: ClassName=J-Link OB Member=Component C4 CAP
Added Member To Class: ClassName=J-Link OB Member=Component C5 CAP
Added Member To Class: ClassName=J-Link OB Member=Component C6 CAP
Added Member To Class: ClassName=J-Link OB Member=Component C7 CAP
Added Member To Class: ClassName=J-Link OB Member=Component C9 CAP
Added Member To Class: ClassName=J-Link OB Member=Component C10 CAP
Added Member To Class: ClassName=J-Link OB Member=Component C11 CAP
Added Member To Class: ClassName=J-Link OB Member=Component LED1 LED SMD
Added Member To Class: ClassName=J-Link OB Member=Component LED2 LED SMD
Added Member To Class: ClassName=J-Link OB Member=Component R1 100
Added Member To Class: ClassName=J-Link OB Member=Component R2 100
Added Member To Class: ClassName=J-Link OB Member=Component R3 100
Added Member To Class: ClassName=J-Link OB Member=Component R4 10k
Added Member To Class: ClassName=J-Link OB Member=Component R5 100
Added Member To Class: ClassName=J-Link OB Member=Component R6 100
Added Member To Class: ClassName=J-Link OB Member=Component R7 100
Added Member To Class: ClassName=J-Link OB Member=Component R9 1.5K
Added Member To Class: ClassName=J-Link OB Member=Component R10 10k
Added Member To Class: ClassName=J-Link OB Member=Component R11 10k
Added Member To Class: ClassName=J-Link OB Member=Component U1 AMS1117
